  Disaster.cpp
  Game.cpp
C:\gp\DisasterSquad\Responder.h(11,10): warning C4067: unexpected tokens following preprocessor directive - expected a newline
  Engine.cpp
C:\gp\DisasterSquad\Responder.h(11,10): warning C4067: unexpected tokens following preprocessor directive - expected a newline
C:\gp\DisasterSquad\Engine.cpp(23,56): warning C4244: 'argument': conversion from 'T' to 'unsigned int', possible loss of data
          with
          [
              T=float
          ]
C:\gp\DisasterSquad\Engine.cpp(23,42): warning C4244: 'argument': conversion from 'T' to 'unsigned int', possible loss of data
          with
          [
              T=float
          ]
  Main.cpp
C:\gp\DisasterSquad\Responder.h(11,10): warning C4067: unexpected tokens following preprocessor directive - expected a newline
  Responder.cpp
C:\gp\DisasterSquad\Responder.h(11,10): warning C4067: unexpected tokens following preprocessor directive - expected a newline
C:\gp\DisasterSquad\Responder.cpp(6,12): warning C4244: '=': conversion from 'const float' to 'int', possible loss of data
C:\gp\DisasterSquad\Responder.cpp(7,13): warning C4244: '=': conversion from 'const float' to 'int', possible loss of data
C:\gp\DisasterSquad\Responder.cpp(8,16): warning C4244: '=': conversion from 'const float' to 'int', possible loss of data
C:\gp\DisasterSquad\Responder.cpp(18,36): warning C4244: 'argument': conversion from 'int' to 'float', possible loss of data
C:\gp\DisasterSquad\Responder.cpp(18,23): warning C4244: 'argument': conversion from 'int' to 'float', possible loss of data
C:\gp\DisasterSquad\Responder.cpp(105,36): warning C4244: 'argument': conversion from 'int' to 'float', possible loss of data
C:\gp\DisasterSquad\Responder.cpp(105,23): warning C4244: 'argument': conversion from 'int' to 'float', possible loss of data
  ShopUpgrades.cpp
  TextureHolder.cpp
  Generating Code...
Game.obj : error LNK2019: unresolved external symbol "__declspec(dllimport) public: __cdecl sf::Texture::Texture(void)" (__imp_??0Texture@sf@@QEAA@XZ) referenced in function "public: __cdecl Game::Game(void)" (??0Game@@QEAA@XZ)
Engine.obj : error LNK2001: unresolved external symbol "__declspec(dllimport) public: __cdecl sf::Texture::Texture(void)" (__imp_??0Texture@sf@@QEAA@XZ)
Responder.obj : error LNK2001: unresolved external symbol "__declspec(dllimport) public: __cdecl sf::Texture::Texture(void)" (__imp_??0Texture@sf@@QEAA@XZ)
TextureHolder.obj : error LNK2001: unresolved external symbol "__declspec(dllimport) public: __cdecl sf::Texture::Texture(void)" (__imp_??0Texture@sf@@QEAA@XZ)
Engine.obj : error LNK2019: unresolved external symbol "__declspec(dllimport) public: __cdecl sf::Time::Time(void)" (__imp_??0Time@sf@@QEAA@XZ) referenced in function "public: void __cdecl Engine::run(void)" (?run@Engine@@QEAAXXZ)
Engine.obj : error LNK2019: unresolved external symbol "__declspec(dllimport) class sf::Time & __cdecl sf::operator+=(class sf::Time &,class sf::Time)" (__imp_??Ysf@@YAAEAVTime@0@AEAV10@V10@@Z) referenced in function "public: void __cdecl Engine::run(void)" (?run@Engine@@QEAAXXZ)
Engine.obj : error LNK2019: unresolved external symbol "__declspec(dllimport) public: __cdecl sf::Clock::Clock(void)" (__imp_??0Clock@sf@@QEAA@XZ) referenced in function "public: void __cdecl Engine::run(void)" (?run@Engine@@QEAAXXZ)
Engine.obj : error LNK2019: unresolved external symbol "__declspec(dllimport) public: class sf::Time __cdecl sf::Clock::restart(void)" (__imp_?restart@Clock@sf@@QEAA?AVTime@2@XZ) referenced in function "public: void __cdecl Engine::run(void)" (?run@Engine@@QEAAXXZ)
Engine.obj : error LNK2019: unresolved external symbol "__declspec(dllimport) public: __cdecl sf::String::String(char const *,class std::locale const &)" (__imp_??0String@sf@@QEAA@PEBDAEBVlocale@std@@@Z) referenced in function "public: void __cdecl Engine::run(void)" (?run@Engine@@QEAAXXZ)
Engine.obj : error LNK2019: unresolved external symbol "__declspec(dllimport) public: __cdecl sf::String::~String(void)" (__imp_??1String@sf@@QEAA@XZ) referenced in function "public: void __cdecl Engine::run(void)" (?run@Engine@@QEAAXXZ)
Engine.obj : error LNK2019: unresolved external symbol "__declspec(dllimport) public: static bool __cdecl sf::Mouse::isButtonPressed(enum sf::Mouse::Button)" (__imp_?isButtonPressed@Mouse@sf@@SA_NW4Button@12@@Z) referenced in function "public: void __cdecl Engine::run(void)" (?run@Engine@@QEAAXXZ)
Engine.obj : error LNK2019: unresolved external symbol "__declspec(dllimport) public: static class sf::Vector2<int> __cdecl sf::Mouse::getPosition(void)" (__imp_?getPosition@Mouse@sf@@SA?AV?$Vector2@H@2@XZ) referenced in function "public: void __cdecl Engine::run(void)" (?run@Engine@@QEAAXXZ)
Engine.obj : error LNK2019: unresolved external symbol "__declspec(dllimport) public: static class sf::Vector2<int> __cdecl sf::Mouse::getPosition(class sf::Window const &)" (__imp_?getPosition@Mouse@sf@@SA?AV?$Vector2@H@2@AEBVWindow@2@@Z) referenced in function "public: void __cdecl Engine::run(void)" (?run@Engine@@QEAAXXZ)
Engine.obj : error LNK2019: unresolved external symbol "__declspec(dllimport) public: __cdecl sf::VideoMode::VideoMode(unsigned int,unsigned int,unsigned int)" (__imp_??0VideoMode@sf@@QEAA@III@Z) referenced in function "public: void __cdecl Engine::run(void)" (?run@Engine@@QEAAXXZ)
Engine.obj : error LNK2019: unresolved external symbol "__declspec(dllimport) public: bool __cdecl sf::Window::isOpen(void)const " (__imp_?isOpen@Window@sf@@QEBA_NXZ) referenced in function "public: void __cdecl Engine::run(void)" (?run@Engine@@QEAAXXZ)
Engine.obj : error LNK2019: unresolved external symbol "__declspec(dllimport) public: bool __cdecl sf::Window::pollEvent(class sf::Event &)" (__imp_?pollEvent@Window@sf@@QEAA_NAEAVEvent@2@@Z) referenced in function "public: void __cdecl Engine::run(void)" (?run@Engine@@QEAAXXZ)
Engine.obj : error LNK2019: unresolved external symbol "__declspec(dllimport) public: void __cdecl sf::Window::setMouseCursorVisible(bool)" (__imp_?setMouseCursorVisible@Window@sf@@QEAAX_N@Z) referenced in function "public: void __cdecl Engine::run(void)" (?run@Engine@@QEAAXXZ)
Engine.obj : error LNK2019: unresolved external symbol "__declspec(dllimport) public: void __cdecl sf::Window::display(void)" (__imp_?display@Window@sf@@QEAAXXZ) referenced in function "public: void __cdecl Engine::run(void)" (?run@Engine@@QEAAXXZ)
Engine.obj : error LNK2019: unresolved external symbol "__declspec(dllimport) public: void __cdecl sf::Transformable::setPosition(class sf::Vector2<float> const &)" (__imp_?setPosition@Transformable@sf@@QEAAXAEBV?$Vector2@M@2@@Z) referenced in function "public: void __cdecl Engine::run(void)" (?run@Engine@@QEAAXXZ)
Engine.obj : error LNK2019: unresolved external symbol "__declspec(dllimport) public: void __cdecl sf::Transformable::setOrigin(float,float)" (__imp_?setOrigin@Transformable@sf@@QEAAXMM@Z) referenced in function "public: void __cdecl Engine::run(void)" (?run@Engine@@QEAAXXZ)
Responder.obj : error LNK2001: unresolved external symbol "__declspec(dllimport) public: void __cdecl sf::Transformable::setOrigin(float,float)" (__imp_?setOrigin@Transformable@sf@@QEAAXMM@Z)
Engine.obj : error LNK2019: unresolved external symbol "__declspec(dllimport) public: __cdecl sf::Texture::Texture(class sf::Texture const &)" (__imp_??0Texture@sf@@QEAA@AEBV01@@Z) referenced in function "public: void __cdecl Engine::run(void)" (?run@Engine@@QEAAXXZ)
Engine.obj : error LNK2019: unresolved external symbol "__declspec(dllimport) public: __cdecl sf::Texture::~Texture(void)" (__imp_??1Texture@sf@@QEAA@XZ) referenced in function "public: __cdecl std::pair<class std::basic_string<char,struct std::char_traits<char>,class std::allocator<char> > const ,class sf::Texture>::~pair<class std::basic_string<char,struct std::char_traits<char>,class std::allocator<char> > const ,class sf::Texture>(void)" (??1?$pair@$$CBV?$basic_string@DU?$char_traits@D@std@@V?$allocator@D@2@@std@@VTexture@sf@@@std@@QEAA@XZ)
Main.obj : error LNK2001: unresolved external symbol "__declspec(dllimport) public: __cdecl sf::Texture::~Texture(void)" (__imp_??1Texture@sf@@QEAA@XZ)
Responder.obj : error LNK2001: unresolved external symbol "__declspec(dllimport) public: __cdecl sf::Texture::~Texture(void)" (__imp_??1Texture@sf@@QEAA@XZ)
TextureHolder.obj : error LNK2001: unresolved external symbol "__declspec(dllimport) public: __cdecl sf::Texture::~Texture(void)" (__imp_??1Texture@sf@@QEAA@XZ)
Engine.obj : error LNK2019: unresolved external symbol "__declspec(dllimport) public: __cdecl sf::View::View(class sf::Rect<float> const &)" (__imp_??0View@sf@@QEAA@AEBV?$Rect@M@1@@Z) referenced in function "public: void __cdecl Engine::run(void)" (?run@Engine@@QEAAXXZ)
Engine.obj : error LNK2019: unresolved external symbol "__declspec(dllimport) public: class sf::Vector2<float> __cdecl sf::RenderTarget::mapPixelToCoords(class sf::Vector2<int> const &,class sf::View const &)const " (__imp_?mapPixelToCoords@RenderTarget@sf@@QEBA?AV?$Vector2@M@2@AEBV?$Vector2@H@2@AEBVView@2@@Z) referenced in function "public: void __cdecl Engine::run(void)" (?run@Engine@@QEAAXXZ)
Engine.obj : error LNK2019: unresolved external symbol "__declspec(dllimport) public: void __cdecl sf::RenderTarget::draw(class sf::Drawable const &,class sf::RenderStates const &)" (__imp_?draw@RenderTarget@sf@@QEAAXAEBVDrawable@2@AEBVRenderStates@2@@Z) referenced in function "public: void __cdecl Engine::run(void)" (?run@Engine@@QEAAXXZ)
Engine.obj : error LNK2019: unresolved external symbol "__declspec(dllimport) public: __cdecl sf::RenderWindow::RenderWindow(class sf::VideoMode,class sf::String const &,unsigned int,struct sf::ContextSettings const &)" (__imp_??0RenderWindow@sf@@QEAA@VVideoMode@1@AEBVString@1@IAEBUContextSettings@1@@Z) referenced in function "public: void __cdecl Engine::run(void)" (?run@Engine@@QEAAXXZ)
Engine.obj : error LNK2019: unresolved external symbol "__declspec(dllimport) public: virtual __cdecl sf::RenderWindow::~RenderWindow(void)" (__imp_??1RenderWindow@sf@@UEAA@XZ) referenced in function "public: void __cdecl Engine::run(void)" (?run@Engine@@QEAAXXZ)
Engine.obj : error LNK2019: unresolved external symbol "__declspec(dllimport) public: __cdecl sf::Sprite::Sprite(void)" (__imp_??0Sprite@sf@@QEAA@XZ) referenced in function "public: void __cdecl Engine::run(void)" (?run@Engine@@QEAAXXZ)
Responder.obj : error LNK2001: unresolved external symbol "__declspec(dllimport) public: __cdecl sf::Sprite::Sprite(void)" (__imp_??0Sprite@sf@@QEAA@XZ)
Engine.obj : error LNK2019: unresolved external symbol "__declspec(dllimport) public: __cdecl sf::Sprite::Sprite(class sf::Texture const &)" (__imp_??0Sprite@sf@@QEAA@AEBVTexture@1@@Z) referenced in function "public: void __cdecl Engine::run(void)" (?run@Engine@@QEAAXXZ)
Engine.obj : error LNK2019: unresolved external symbol "__declspec(dllimport) public: void __cdecl sf::Sprite::setTexture(class sf::Texture const &,bool)" (__imp_?setTexture@Sprite@sf@@QEAAXAEBVTexture@2@_N@Z) referenced in function "public: void __cdecl Engine::run(void)" (?run@Engine@@QEAAXXZ)
Responder.obj : error LNK2001: unresolved external symbol "__declspec(dllimport) public: void __cdecl sf::Sprite::setTexture(class sf::Texture const &,bool)" (__imp_?setTexture@Sprite@sf@@QEAAXAEBVTexture@2@_N@Z)
Engine.obj : error LNK2019: unresolved external symbol "__declspec(dllimport) public: virtual __cdecl sf::Sprite::~Sprite(void)" (__imp_??1Sprite@sf@@UEAA@XZ) referenced in function "public: __cdecl Responder::~Responder(void)" (??1Responder@@QEAA@XZ)
Responder.obj : error LNK2001: unresolved external symbol "__declspec(dllimport) public: virtual __cdecl sf::Sprite::~Sprite(void)" (__imp_??1Sprite@sf@@UEAA@XZ)
Engine.obj : error LNK2019: unresolved external symbol "__declspec(dllimport) public: static class sf::RenderStates const sf::RenderStates::Default" (__imp_?Default@RenderStates@sf@@2V12@B) referenced in function "public: void __cdecl Engine::run(void)" (?run@Engine@@QEAAXXZ)
Responder.obj : error LNK2019: unresolved external symbol "__declspec(dllimport) public: int __cdecl sf::Time::asMilliseconds(void)const " (__imp_?asMilliseconds@Time@sf@@QEBAHXZ) referenced in function "public: void __cdecl Responder::update(class sf::Time)" (?update@Responder@@QEAAXVTime@sf@@@Z)
Responder.obj : error LNK2019: unresolved external symbol "__declspec(dllimport) public: void __cdecl sf::Transformable::setPosition(float,float)" (__imp_?setPosition@Transformable@sf@@QEAAXMM@Z) referenced in function "public: __cdecl Responder::Responder(void)" (??0Responder@@QEAA@XZ)
Responder.obj : error LNK2019: unresolved external symbol "__declspec(dllimport) public: float __cdecl sf::Transformable::getRotation(void)const " (__imp_?getRotation@Transformable@sf@@QEBAMXZ) referenced in function "public: float __cdecl Responder::getRotation(void)" (?getRotation@Responder@@QEAAMXZ)
Responder.obj : error LNK2019: unresolved external symbol "__declspec(dllimport) public: class sf::Texture & __cdecl sf::Texture::operator=(class sf::Texture const &)" (__imp_??4Texture@sf@@QEAAAEAV01@AEBV01@@Z) referenced in function "public: __cdecl Responder::Responder(void)" (??0Responder@@QEAA@XZ)
Responder.obj : error LNK2019: unresolved external symbol "__declspec(dllimport) public: __cdecl sf::Sprite::Sprite(class sf::Sprite const &)" (__imp_??0Sprite@sf@@QEAA@AEBV01@@Z) referenced in function "public: class sf::Sprite __cdecl Responder::getSprite(void)" (?getSprite@Responder@@QEAA?AVSprite@sf@@XZ)
TextureHolder.obj : error LNK2019: unresolved external symbol "__declspec(dllimport) public: bool __cdecl sf::Texture::loadFromFile(class std::basic_string<char,struct std::char_traits<char>,class std::allocator<char> > const &,class sf::Rect<int> const &)" (__imp_?loadFromFile@Texture@sf@@QEAA_NAEBV?$basic_string@DU?$char_traits@D@std@@V?$allocator@D@2@@std@@AEBV?$Rect@H@2@@Z) referenced in function "public: static class sf::Texture & __cdecl TextureHolder::GetTexture(class std::basic_string<char,struct std::char_traits<char>,class std::allocator<char> > const &)" (?GetTexture@TextureHolder@@SAAEAVTexture@sf@@AEBV?$basic_string@DU?$char_traits@D@std@@V?$allocator@D@2@@std@@@Z)
C:\gp\SFML\SFML-2.5.1\lib\sfml-window-d.lib : warning LNK4272: library machine type 'x86' conflicts with target machine type 'x64'
C:\gp\SFML\SFML-2.5.1\lib\sfml-graphics-d.lib : warning LNK4272: library machine type 'x86' conflicts with target machine type 'x64'
C:\gp\SFML\SFML-2.5.1\lib\sfml-network-d.lib : warning LNK4272: library machine type 'x86' conflicts with target machine type 'x64'
C:\gp\SFML\SFML-2.5.1\lib\sfml-system-d.lib : warning LNK4272: library machine type 'x86' conflicts with target machine type 'x64'
C:\gp\SFML\SFML-2.5.1\lib\sfml-audio-d.lib : warning LNK4272: library machine type 'x86' conflicts with target machine type 'x64'
C:\gp\DisasterSquad\x64\Debug\Disaster_Squad.exe : fatal error LNK1120: 35 unresolved externals
